<?xml version="1.0" encoding="UTF-8"?>
<testsuite xmlns:xsi="http://www.w3.org/2001/XMLSchema-instance" xsi:noNamespaceSchemaLocation="https://maven.apache.org/surefire/maven-surefire-plugin/xsd/surefire-test-report.xsd" name="com.algaworks.junit.utilidade.SaudacaoUtilTest" time="0.002" tests="3" errors="0" skipped="0" failures="0">
  <properties>
[...]
</properties>
  <testcase name="saudarTest" classname="com.algaworks.junit.utilidade.SaudacaoUtilTest" time="0"/>
  <testcase name="deveLancarException" classname="com.algaworks.junit.utilidade.SaudacaoUtilTest" time="0.001"/>
  <testcase name="naoDeveLancarException" classname="com.algaworks.junit.utilidade.SaudacaoUtilTest" time="0.001"/>
</testsuite>